SF:lib\common\exception.dart
DA:6,4
LF:1
LH:1
end_of_record
SF:lib\data\datasources\movie_local_data_source.dart
DA:15,1
DA:17,1
DA:20,2
DA:23,2
DA:27,1
DA:30,2
DA:33,2
DA:37,1
DA:39,2
DA:41,1
DA:47,1
DA:49,2
DA:50,4
LF:13
LH:13
end_of_record
SF:lib\data\models\movie_table.dart
DA:12,12
DA:19,2
DA:20,1
DA:21,1
DA:22,1
DA:23,1
DA:26,2
DA:27,1
DA:28,1
DA:29,1
DA:30,1
DA:33,0
DA:34,0
DA:35,0
DA:36,0
DA:37,0
DA:40,2
DA:41,1
DA:42,1
DA:43,1
DA:44,1
DA:47,2
DA:49,10
LF:23
LH:18
end_of_record
SF:lib\domain\entities\genre.dart
DA:4,11
DA:12,2
DA:13,6
LF:3
LH:3
end_of_record
SF:lib\domain\entities\movie.dart
DA:5,9
DA:21,2
DA:42,8
DA:43,8
DA:44,8
DA:45,8
DA:46,8
DA:47,8
DA:48,8
DA:49,8
DA:50,8
DA:51,8
DA:52,8
DA:53,8
DA:54,8
DA:55,8
DA:56,8
LF:17
LH:17
end_of_record
SF:lib\domain\entities\movie_detail.dart
DA:8,0
DA:18,0
DA:25,11
DA:55,2
DA:56,2
DA:57,2
DA:58,2
DA:59,2
DA:60,2
DA:61,2
DA:62,2
DA:63,2
DA:64,2
DA:65,2
DA:66,2
DA:67,2
DA:68,2
DA:69,2
LF:18
LH:16
end_of_record
SF:lib\common\failure.dart
DA:6,18
DA:8,2
DA:9,4
DA:13,15
DA:17,4
DA:21,7
LF:6
LH:6
end_of_record
SF:lib\data\datasources\db\database_helper.dart
DA:8,0
DA:12,0
DA:16,0
DA:17,0
DA:24,0
DA:25,0
DA:26,0
DA:28,0
DA:32,0
DA:33,0
DA:42,0
DA:52,0
DA:53,0
DA:54,0
DA:55,0
DA:56,0
DA:57,0
DA:58,0
DA:62,0
DA:63,0
DA:64,0
DA:65,0
DA:66,0
DA:67,0
DA:68,0
DA:72,0
DA:73,0
DA:74,0
DA:77,0
DA:81,0
DA:82,0
DA:83,0
DA:86,0
DA:90,0
DA:91,0
DA:92,0
DA:95,0
DA:98,0
DA:99,0
DA:105,0
DA:106,0
DA:107,0
DA:110,0
DA:113,0
DA:114,0
DA:120,0
DA:121,0
DA:122,0
DA:129,0
DA:130,0
DA:131,0
LF:51
LH:0
end_of_record
SF:lib\data\datasources\movie_remote_data_source.dart
DA:26,1
DA:28,1
DA:29,2
DA:30,1
DA:31,3
DA:35,1
DA:36,1
DA:37,1
DA:38,1
DA:39,0
DA:40,1
DA:43,1
DA:45,1
DA:47,2
DA:49,2
DA:50,0
DA:52,1
DA:56,1
DA:58,1
DA:60,3
DA:62,2
DA:63,0
DA:65,1
DA:69,1
DA:71,2
DA:72,1
DA:73,0
DA:74,1
DA:76,3
DA:78,2
DA:79,0
DA:81,1
DA:85,1
DA:87,1
DA:89,2
DA:91,2
DA:92,0
DA:94,1
DA:98,1
DA:100,1
DA:102,2
DA:104,2
DA:105,0
DA:107,1
DA:111,1
DA:113,2
DA:114,1
DA:115,0
DA:116,1
DA:118,3
DA:120,2
DA:121,0
DA:123,1
LF:53
LH:44
end_of_record
SF:lib\data\datasources\tv_local_data_source.dart
DA:15,1
DA:17,1
DA:20,2
DA:23,2
DA:27,1
DA:30,2
DA:33,2
DA:37,1
DA:39,2
DA:41,1
DA:47,1
DA:49,2
DA:50,4
LF:13
LH:13
end_of_record
SF:lib\data\datasources\tv_remote_data_source.dart
DA:26,1
DA:28,1
DA:29,2
DA:30,1
DA:31,3
DA:35,1
DA:36,1
DA:37,1
DA:38,1
DA:39,0
DA:40,1
DA:43,1
DA:45,1
DA:47,2
DA:49,2
DA:50,0
DA:52,1
DA:56,1
DA:58,2
DA:59,1
DA:60,0
DA:61,1
DA:62,3
DA:64,2
DA:65,0
DA:67,1
DA:71,1
DA:73,1
DA:75,3
DA:77,2
DA:78,0
DA:80,1
DA:84,1
DA:86,1
DA:88,2
DA:90,2
DA:91,0
DA:93,1
DA:97,1
DA:99,1
DA:101,2
DA:103,2
DA:104,0
DA:106,1
DA:110,1
DA:112,2
DA:113,1
DA:114,0
DA:115,1
DA:117,3
DA:119,2
DA:120,0
DA:122,1
LF:53
LH:44
end_of_record
SF:lib\data\models\movie_detail_model.dart
DA:6,2
DA:52,1
DA:53,1
DA:54,1
DA:55,1
DA:56,1
DA:57,1
DA:58,4
DA:59,1
DA:60,1
DA:61,1
DA:62,1
DA:63,1
DA:64,1
DA:65,2
DA:66,1
DA:67,1
DA:68,1
DA:69,1
DA:70,1
DA:71,1
DA:72,1
DA:73,1
DA:74,2
DA:75,1
DA:78,0
DA:79,0
DA:80,0
DA:81,0
DA:82,0
DA:83,0
DA:84,0
DA:85,0
DA:86,0
DA:87,0
DA:88,0
DA:89,0
DA:90,0
DA:91,0
DA:92,0
DA:93,0
DA:94,0
DA:95,0
DA:96,0
DA:97,0
DA:98,0
DA:99,0
DA:102,1
DA:103,1
DA:104,1
DA:105,1
DA:106,5
DA:107,1
DA:108,1
DA:109,1
DA:110,1
DA:111,1
DA:112,1
DA:113,1
DA:114,1
DA:115,1
DA:120,0
DA:122,0
DA:123,0
DA:124,0
DA:125,0
DA:126,0
DA:127,0
DA:128,0
DA:129,0
DA:130,0
DA:131,0
DA:132,0
DA:133,0
DA:134,0
DA:135,0
DA:136,0
DA:137,0
DA:138,0
DA:139,0
DA:140,0
DA:141,0
DA:142,0
DA:143,0
LF:84
LH:39
end_of_record
SF:lib\data\models\movie_model.dart
DA:5,5
DA:35,4
DA:36,2
DA:37,2
DA:38,2
DA:39,8
DA:40,0
DA:41,2
DA:42,2
DA:43,2
DA:44,4
DA:45,2
DA:46,2
DA:47,2
DA:48,2
DA:49,4
DA:50,2
DA:53,2
DA:54,1
DA:55,1
DA:56,4
DA:57,1
DA:58,1
DA:59,1
DA:60,1
DA:61,1
DA:62,1
DA:63,1
DA:64,1
DA:65,1
DA:66,1
DA:69,2
DA:70,2
DA:71,2
DA:72,2
DA:73,2
DA:74,2
DA:75,2
DA:76,2
DA:77,2
DA:78,2
DA:79,2
DA:80,2
DA:81,2
DA:82,2
DA:83,2
DA:87,1
DA:88,1
DA:89,1
DA:90,1
DA:91,1
DA:92,1
DA:93,1
DA:94,1
DA:95,1
DA:96,1
DA:97,1
DA:98,1
DA:99,1
DA:100,1
DA:101,1
LF:61
LH:60
end_of_record
SF:lib\data\models\tv_detail_model.dart
DA:7,2
DA:53,1
DA:54,1
DA:55,1
DA:56,1
DA:57,1
DA:58,2
DA:59,1
DA:60,1
DA:61,1
DA:62,1
DA:63,1
DA:64,1
DA:65,1
DA:66,1
DA:67,1
DA:68,1
DA:69,1
DA:70,1
DA:71,1
DA:72,0
DA:73,0
DA:75,1
DA:76,1
DA:77,4
DA:78,0
DA:79,2
DA:80,1
DA:81,1
DA:82,0
DA:83,0
DA:85,1
DA:88,0
DA:89,0
DA:90,0
DA:91,0
DA:92,0
DA:93,0
DA:94,0
DA:95,0
DA:96,0
DA:97,0
DA:98,0
DA:99,0
DA:100,0
DA:101,0
DA:102,0
DA:103,0
DA:104,0
DA:105,0
DA:106,0
DA:107,0
DA:108,0
DA:111,1
DA:112,1
DA:113,1
DA:114,1
DA:115,1
DA:116,1
DA:117,1
DA:118,1
DA:119,1
DA:120,1
DA:121,3
DA:122,1
DA:123,1
DA:124,3
DA:128,0
DA:129,0
DA:130,0
DA:131,0
DA:132,0
DA:133,0
DA:134,0
DA:135,0
DA:136,0
DA:137,0
DA:138,0
DA:139,0
DA:140,0
DA:141,0
DA:142,0
DA:143,0
DA:144,0
DA:145,0
DA:146,0
DA:147,0
DA:148,0
DA:149,0
DA:150,0
LF:90
LH:41
end_of_record
SF:lib\data\models\tv_model.dart
DA:5,5
DA:49,4
DA:50,2
DA:51,2
DA:52,2
DA:53,2
DA:54,2
DA:55,2
DA:56,2
DA:57,2
DA:58,2
DA:59,8
DA:60,0
DA:61,4
DA:62,2
DA:63,2
DA:64,2
DA:65,2
DA:66,2
DA:67,2
DA:68,2
DA:69,2
DA:70,2
DA:71,2
DA:74,2
DA:75,1
DA:76,1
DA:77,1
DA:78,1
DA:79,1
DA:80,1
DA:81,1
DA:82,1
DA:83,4
DA:84,1
DA:85,1
DA:86,1
DA:87,1
DA:88,1
DA:89,1
DA:90,1
DA:91,1
DA:92,1
DA:93,1
DA:94,1
DA:97,2
DA:98,2
DA:99,2
DA:100,2
DA:101,2
DA:102,2
DA:103,2
DA:104,2
DA:105,2
DA:106,2
DA:107,2
DA:108,2
DA:109,2
DA:110,2
DA:111,2
DA:112,2
DA:113,2
DA:114,2
DA:115,2
DA:116,2
DA:117,2
DA:118,2
DA:122,1
DA:123,1
DA:124,1
DA:125,1
DA:126,1
DA:127,1
DA:128,1
DA:129,1
DA:130,1
DA:131,1
DA:132,1
DA:133,1
DA:134,1
DA:135,1
DA:136,1
DA:137,1
DA:138,1
DA:139,1
DA:140,1
DA:141,1
DA:142,1
DA:143,1
LF:89
LH:88
end_of_record
SF:lib\data\models\tv_table.dart
DA:11,12
DA:18,2
DA:19,1
DA:20,1
DA:21,1
DA:22,1
DA:25,2
DA:26,1
DA:27,1
DA:28,1
DA:29,1
DA:32,0
DA:33,0
DA:34,0
DA:35,0
DA:36,0
DA:39,2
DA:40,1
DA:41,1
DA:42,1
DA:43,1
DA:46,2
DA:47,10
LF:23
LH:18
end_of_record
SF:lib\domain\entities\tv.dart
DA:5,10
DA:28,2
DA:57,9
DA:58,9
DA:59,9
DA:60,9
DA:61,9
DA:62,9
DA:63,9
DA:64,9
DA:65,9
DA:66,9
DA:67,9
DA:68,9
DA:69,9
DA:70,9
DA:71,9
DA:72,9
DA:73,9
DA:74,9
DA:75,9
DA:76,9
DA:77,9
DA:78,9
DA:79,9
DA:80,9
LF:26
LH:26
end_of_record
SF:lib\domain\entities\tv_detail.dart
DA:6,11
DA:34,2
DA:35,2
DA:36,2
DA:37,2
DA:38,2
DA:39,2
DA:40,2
DA:41,2
DA:42,2
DA:43,2
DA:44,2
DA:45,2
DA:46,2
DA:47,2
LF:15
LH:15
end_of_record
SF:lib\data\models\season_model.dart
DA:6,2
DA:18,1
DA:19,1
DA:20,1
DA:21,1
DA:22,5
DA:23,1
DA:27,1
DA:28,1
DA:29,1
DA:30,1
DA:31,1
DA:32,1
DA:33,1
DA:34,3
DA:35,1
DA:36,0
DA:40,1
DA:41,1
DA:42,1
DA:43,1
DA:44,1
DA:45,1
DA:46,1
DA:50,0
DA:51,0
LF:26
LH:23
end_of_record
SF:lib\domain\entities\episode.dart
DA:10,4
DA:19,2
DA:20,2
DA:21,2
DA:22,2
DA:23,2
DA:24,2
DA:25,2
DA:26,2
DA:30,2
DA:31,2
DA:32,2
DA:33,2
DA:34,2
DA:35,2
DA:36,2
DA:37,2
LF:17
LH:17
end_of_record
SF:lib\domain\entities\season.dart
DA:11,1
DA:19,0
DA:20,0
LF:3
LH:1
end_of_record
SF:lib\common\constants.dart
DA:15,4
DA:16,2
DA:17,9
DA:19,0
DA:21,0
DA:25,0
DA:26,0
DA:27,0
DA:28,0
DA:29,0
LF:10
LH:3
end_of_record
SF:lib\domain\usecases\get_watchlist_status.dart
DA:7,1
DA:9,1
DA:10,2
DA:17,0
DA:19,0
DA:20,0
LF:6
LH:3
end_of_record
SF:lib\domain\usecases\movies\get_movie_detail.dart
DA:10,1
DA:12,1
DA:13,2
LF:3
LH:3
end_of_record
SF:lib\domain\usecases\movies\get_movie_recommendations.dart
DA:9,1
DA:11,1
DA:12,2
LF:3
LH:3
end_of_record
SF:lib\domain\usecases\remove_watchlist.dart
DA:11,1
DA:13,1
DA:14,2
DA:21,1
DA:23,1
DA:24,2
LF:6
LH:6
end_of_record
SF:lib\domain\usecases\save_watchlist.dart
DA:11,1
DA:13,1
DA:14,2
DA:21,1
DA:23,1
DA:24,2
LF:6
LH:6
end_of_record
SF:lib\presentation\blocs\movies\movie_detail\movie_detail_bloc.dart
DA:21,1
DA:27,1
DA:28,2
DA:29,3
DA:31,3
DA:33,3
DA:35,1
DA:36,1
DA:37,3
DA:39,1
DA:42,1
DA:43,3
DA:48,1
DA:49,0
DA:50,0
DA:52,0
DA:55,1
DA:56,3
DA:66,2
DA:67,3
DA:68,3
DA:71,2
DA:72,3
DA:74,1
DA:75,1
DA:76,4
DA:78,1
DA:79,3
DA:83,4
DA:86,1
DA:87,0
DA:89,0
DA:90,0
DA:91,0
DA:93,0
DA:94,0
DA:97,0
LF:37
LH:27
end_of_record
SF:lib\presentation\blocs\movies\movie_detail\movie_detail_event.dart
DA:5,3
DA:7,0
DA:8,0
DA:14,2
DA:16,0
DA:17,0
DA:23,2
DA:25,0
DA:26,0
DA:32,2
DA:34,0
DA:35,0
DA:41,0
DA:43,0
DA:44,0
LF:15
LH:4
end_of_record
SF:lib\presentation\blocs\movies\movie_detail\movie_detail_state.dart
DA:15,52
DA:25,1
DA:34,1
DA:35,1
DA:36,1
DA:37,1
DA:38,1
DA:39,1
DA:40,1
DA:41,1
DA:45,1
DA:46,1
DA:47,1
DA:48,1
DA:49,1
DA:50,1
DA:51,1
DA:52,1
DA:53,1
LF:19
LH:19
end_of_record
SF:lib\presentation\pages\movies\movie_detail_page.dart
DA:19,1
DA:21,1
DA:22,1
DA:26,1
DA:28,1
DA:29,2
DA:30,6
DA:31,6
DA:35,1
DA:37,1
DA:38,1
DA:39,1
DA:40,1
DA:41,1
DA:42,2
DA:46,2
DA:47,1
DA:48,1
DA:49,1
DA:51,1
DA:52,1
DA:56,0
DA:70,1
DA:73,1
DA:75,3
DA:76,1
DA:77,1
DA:78,1
DA:79,3
DA:81,1
DA:84,0
DA:86,1
DA:88,1
DA:89,1
DA:90,1
DA:100,1
DA:101,1
DA:102,1
DA:104,1
DA:106,1
DA:108,1
DA:109,1
DA:110,2
DA:111,1
DA:113,1
DA:114,1
DA:115,1
DA:117,1
DA:118,3
DA:121,0
DA:122,0
DA:126,1
DA:127,1
DA:128,1
DA:130,1
DA:133,1
DA:136,2
DA:137,2
DA:139,1
DA:141,1
DA:142,1
DA:143,1
DA:148,1
DA:150,1
DA:151,1
DA:158,1
DA:159,3
DA:161,1
DA:162,3
DA:164,1
DA:165,1
DA:166,1
DA:167,3
DA:169,1
DA:175,4
DA:179,1
DA:181,1
DA:183,1
DA:184,2
DA:187,1
DA:189,1
DA:191,1
DA:194,3
DA:195,0
DA:196,0
DA:197,0
DA:199,0
DA:200,0
DA:201,0
DA:206,0
DA:210,0
DA:211,0
DA:212,0
DA:213,0
DA:214,0
DA:215,0
DA:220,0
DA:221,0
DA:235,1
DA:237,1
DA:239,1
DA:240,1
DA:241,2
DA:246,2
DA:248,0
DA:249,2
DA:251,1
DA:253,1
DA:255,0
DA:256,0
DA:257,0
DA:259,0
DA:260,0
DA:261,0
DA:264,0
DA:267,0
DA:272,0
DA:274,0
DA:275,0
DA:281,0
DA:288,2
DA:292,0
DA:300,1
DA:302,1
DA:315,1
DA:317,1
DA:320,1
DA:322,0
DA:323,0
DA:332,1
DA:334,2
DA:335,3
DA:338,3
DA:342,3
DA:345,1
DA:346,1
DA:347,1
DA:349,1
DA:350,1
DA:352,0
LF:140
LH:104
end_of_record
SF:lib\data\models\movie_response.dart
DA:7,3
DA:9,4
DA:10,4
DA:11,6
DA:12,6
DA:15,2
DA:16,5
DA:19,1
DA:20,2
LF:9
LH:9
end_of_record
SF:lib\data\models\tv_response.dart
DA:7,3
DA:9,2
DA:10,2
DA:11,4
DA:12,6
DA:14,6
DA:17,2
DA:18,5
DA:21,1
DA:22,2
LF:10
LH:10
end_of_record
SF:lib\data\models\genre_model.dart
DA:5,3
DA:13,4
DA:14,2
DA:15,2
DA:18,0
DA:19,0
DA:20,0
DA:23,1
DA:24,3
DA:27,0
DA:28,0
LF:11
LH:6
end_of_record
SF:lib\data\repositories\movie_repository_impl.dart
DA:18,1
DA:23,1
DA:26,2
DA:27,5
DA:28,1
DA:30,1
DA:35,1
DA:38,2
DA:39,2
DA:40,1
DA:42,1
DA:47,1
DA:50,2
DA:51,3
DA:52,1
DA:54,1
DA:59,1
DA:62,2
DA:63,5
DA:64,1
DA:66,1
DA:71,1
DA:74,2
DA:75,5
DA:76,1
DA:78,1
DA:83,1
DA:86,2
DA:87,5
DA:88,1
DA:90,1
DA:95,1
DA:99,3
DA:100,1
DA:101,1
DA:102,3
DA:108,1
DA:112,3
DA:113,1
DA:114,1
DA:115,3
DA:119,1
DA:121,2
DA:125,1
DA:127,2
DA:128,5
LF:46
LH:46
end_of_record
SF:lib\data\repositories\tv_repository_impl.dart
DA:17,1
DA:22,1
DA:25,2
DA:26,5
DA:27,1
DA:29,1
DA:34,1
DA:37,2
DA:38,2
DA:39,1
DA:41,1
DA:46,1
DA:49,2
DA:50,3
DA:51,1
DA:53,1
DA:58,1
DA:61,2
DA:62,5
DA:63,1
DA:65,1
DA:70,1
DA:73,2
DA:74,5
DA:75,1
DA:77,1
DA:82,1
DA:85,2
DA:86,5
DA:87,1
DA:89,1
DA:94,1
DA:97,3
DA:98,1
DA:99,1
DA:100,1
DA:101,1
DA:103,1
DA:104,1
DA:105,3
DA:111,1
DA:115,1
DA:116,2
DA:117,1
DA:118,1
DA:119,3
DA:123,1
DA:125,2
DA:129,1
DA:131,2
DA:132,5
LF:51
LH:51
end_of_record
SF:lib\domain\usecases\movies\get_now_playing_movies.dart
DA:9,1
DA:11,1
DA:12,2
LF:3
LH:3
end_of_record
SF:lib\domain\usecases\tv\get_now_playing_tv.dart
DA:9,1
DA:11,1
DA:12,2
LF:3
LH:3
end_of_record
SF:lib\domain\usecases\movies\get_popular_movies.dart
DA:9,1
DA:11,1
DA:12,2
LF:3
LH:3
end_of_record
SF:lib\domain\usecases\tv\get_popular_tv.dart
DA:9,1
DA:11,1
DA:12,2
LF:3
LH:3
end_of_record
SF:lib\domain\usecases\movies\get_top_rated_movies.dart
DA:9,1
DA:11,1
DA:12,2
LF:3
LH:3
end_of_record
SF:lib\domain\usecases\tv\get_top_rated_tv.dart
DA:9,1
DA:11,1
DA:12,2
LF:3
LH:3
end_of_record
SF:lib\domain\usecases\tv\get_tv_detail.dart
DA:9,1
DA:11,1
DA:12,2
LF:3
LH:3
end_of_record
SF:lib\domain\usecases\tv\get_tv_recommendations.dart
DA:9,1
DA:11,1
DA:12,2
LF:3
LH:3
end_of_record
SF:lib\domain\usecases\movies\get_watchlist_movies.dart
DA:9,1
DA:11,1
DA:12,2
LF:3
LH:3
end_of_record
SF:lib\domain\usecases\tv\get_watchlist_tv.dart
DA:9,1
DA:11,1
DA:12,2
LF:3
LH:3
end_of_record
SF:lib\domain\usecases\movies\search_movies.dart
DA:9,1
DA:11,1
DA:12,2
LF:3
LH:3
end_of_record
SF:lib\domain\usecases\tv\search_tv.dart
DA:9,1
DA:11,1
DA:12,2
LF:3
LH:3
end_of_record
SF:lib\presentation\blocs\movies\popular_movies\popular_movies_bloc.dart
DA:11,2
DA:12,2
DA:13,3
DA:15,2
DA:17,1
DA:18,1
DA:19,3
DA:21,1
DA:24,1
DA:25,3
LF:10
LH:10
end_of_record
SF:lib\presentation\blocs\movies\popular_movies\popular_movies_state.dart
DA:12,9
DA:18,1
DA:23,1
DA:24,0
DA:25,1
DA:26,1
DA:30,1
DA:31,4
LF:8
LH:7
end_of_record
SF:lib\presentation\pages\movies\popular_movies_page.dart
DA:12,1
DA:14,1
DA:15,1
DA:19,1
DA:21,1
DA:22,2
DA:23,2
DA:24,2
DA:28,0
DA:29,0
DA:30,0
DA:33,1
DA:35,1
DA:36,1
DA:37,1
DA:38,1
DA:41,1
DA:43,1
DA:44,1
DA:45,2
DA:49,2
DA:50,0
DA:51,0
DA:52,0
DA:53,0
DA:54,0
DA:55,0
DA:56,0
DA:58,0
DA:63,1
DA:65,2
LF:31
LH:20
end_of_record
SF:lib\presentation\blocs\movies\popular_movies\popular_movies_event.dart
DA:5,2
DA:7,0
DA:8,0
LF:3
LH:1
end_of_record
SF:lib\presentation\widgets\movie_card_list.dart
DA:10,1
DA:12,1
DA:14,1
DA:16,1
DA:17,0
DA:18,0
DA:21,0
DA:24,1
DA:26,1
DA:27,1
DA:28,1
DA:34,1
DA:36,1
DA:37,1
DA:38,2
DA:41,1
DA:44,1
DA:45,2
DA:53,1
DA:58,1
DA:60,1
DA:61,3
DA:66,1
DA:73,0
LF:24
LH:20
end_of_record
SF:lib\presentation\blocs\movies\top_rated_movies\top_rated_movies_bloc.dart
DA:11,1
DA:12,1
DA:13,2
DA:14,3
DA:16,2
DA:18,1
DA:19,1
DA:20,3
DA:22,1
DA:25,1
DA:26,3
LF:11
LH:11
end_of_record
SF:lib\presentation\blocs\movies\top_rated_movies\top_rated_movies_state.dart
DA:10,5
DA:16,1
DA:21,1
DA:22,0
DA:23,1
DA:24,1
DA:28,1
DA:29,4
LF:8
LH:7
end_of_record
SF:lib\presentation\pages\movies\top_rated_movies_page.dart
DA:12,1
DA:14,1
DA:15,1
DA:19,1
DA:21,1
DA:22,2
DA:23,4
DA:27,0
DA:28,0
DA:31,1
DA:33,1
DA:34,1
DA:35,1
DA:36,1
DA:39,1
DA:41,1
DA:42,1
DA:43,2
DA:47,2
DA:48,0
DA:49,0
DA:50,0
DA:51,0
DA:52,0
DA:53,0
DA:54,0
DA:56,0
DA:61,1
DA:63,2
LF:29
LH:19
end_of_record
SF:lib\presentation\blocs\movies\top_rated_movies\top_rated_movies_event.dart
DA:4,2
DA:6,0
DA:7,0
LF:3
LH:1
end_of_record
SF:lib\presentation\blocs\tv\airing_today_tv_series\airing_today_tv_series_bloc.dart
DA:11,1
DA:12,1
DA:13,2
DA:14,3
DA:16,2
DA:18,1
DA:19,1
DA:20,1
DA:21,2
DA:23,1
DA:27,1
DA:28,1
DA:29,2
LF:13
LH:13
end_of_record
SF:lib\presentation\blocs\tv\airing_today_tv_series\airing_today_tv_series_state.dart
DA:10,13
DA:16,1
DA:21,1
DA:22,0
DA:23,1
DA:24,1
DA:28,1
DA:29,4
LF:8
LH:7
end_of_record
SF:lib\presentation\pages\tv\airing_tv_today_page.dart
DA:12,1
DA:14,1
DA:16,1
DA:20,1
DA:22,1
DA:23,4
DA:26,1
DA:28,1
DA:29,1
DA:30,1
DA:31,1
DA:34,1
DA:36,1
DA:37,1
DA:38,2
DA:42,2
DA:43,0
DA:44,0
DA:46,0
DA:47,0
DA:49,0
DA:50,0
DA:51,0
DA:52,0
DA:53,0
DA:55,0
DA:60,1
DA:62,2
LF:28
LH:18
end_of_record
SF:lib\presentation\blocs\tv\airing_today_tv_series\airing_today_tv_series_event.dart
DA:4,2
DA:6,0
DA:7,0
LF:3
LH:1
end_of_record
SF:lib\presentation\blocs\tv\tv_detail\tv_detail_bloc.dart
DA:21,1
DA:27,1
DA:28,2
DA:29,3
DA:31,3
DA:33,3
DA:35,2
DA:36,3
DA:38,1
DA:40,1
DA:41,3
DA:45,1
DA:46,0
DA:47,0
DA:49,0
DA:51,1
DA:52,3
DA:61,2
DA:62,3
DA:63,3
DA:66,2
DA:67,3
DA:69,1
DA:70,1
DA:71,4
DA:73,1
DA:74,3
DA:77,4
DA:80,1
DA:81,0
DA:83,0
DA:84,0
DA:85,0
DA:87,0
DA:88,0
DA:91,0
LF:36
LH:26
end_of_record
SF:lib\presentation\blocs\tv\tv_detail\tv_detail_event.dart
DA:5,3
DA:7,0
DA:8,0
DA:14,2
DA:16,0
DA:17,0
DA:23,2
DA:25,0
DA:26,0
DA:32,2
DA:34,0
DA:35,0
DA:41,0
DA:43,0
DA:44,0
LF:15
LH:4
end_of_record
SF:lib\presentation\blocs\tv\tv_detail\tv_detail_state.dart
DA:15,13
DA:25,1
DA:34,1
DA:35,1
DA:37,1
DA:38,1
DA:39,1
DA:40,1
DA:41,1
DA:42,1
DA:46,1
DA:47,1
DA:48,1
DA:49,1
DA:50,1
DA:51,1
DA:52,1
DA:53,1
DA:54,1
LF:19
LH:19
end_of_record
SF:lib\presentation\widgets\tv_series_card.dart
DA:10,1
DA:12,1
DA:14,1
DA:16,1
DA:17,0
DA:18,0
DA:21,0
DA:24,1
DA:26,1
DA:27,1
DA:28,1
DA:34,1
DA:36,1
DA:37,1
DA:38,2
DA:41,1
DA:44,1
DA:45,2
DA:53,1
DA:58,1
DA:60,1
DA:61,3
DA:65,1
DA:72,0
LF:24
LH:20
end_of_record
SF:lib\presentation\pages\tv\tv_series_detail_page.dart
DA:18,1
DA:20,1
DA:21,1
DA:25,1
DA:27,1
DA:28,2
DA:29,6
DA:30,6
DA:34,1
DA:36,1
DA:37,1
DA:38,1
DA:39,1
DA:40,1
DA:41,2
DA:45,2
DA:46,1
DA:47,1
DA:48,1
DA:50,1
DA:51,1
DA:55,0
DA:69,1
DA:73,1
DA:75,3
DA:76,1
DA:77,1
DA:78,1
DA:79,3
DA:81,1
DA:84,0
DA:86,1
DA:88,1
DA:89,1
DA:90,1
DA:100,1
DA:101,1
DA:102,1
DA:104,1
DA:106,1
DA:108,1
DA:109,1
DA:110,2
DA:111,1
DA:113,1
DA:114,1
DA:115,1
DA:117,1
DA:118,3
DA:121,0
DA:122,0
DA:126,1
DA:127,1
DA:128,1
DA:130,1
DA:133,1
DA:136,0
DA:137,0
DA:139,1
DA:141,1
DA:142,1
DA:143,1
DA:148,1
DA:150,1
DA:151,1
DA:158,1
DA:159,3
DA:161,1
DA:162,3
DA:164,1
DA:165,1
DA:166,1
DA:167,3
DA:169,1
DA:175,4
DA:179,1
DA:181,1
DA:183,1
DA:184,2
DA:187,1
DA:189,1
DA:191,1
DA:194,3
DA:195,0
DA:196,0
DA:197,0
DA:199,0
DA:200,0
DA:201,0
DA:206,0
DA:210,0
DA:211,0
DA:212,0
DA:213,0
DA:214,0
DA:215,0
DA:220,0
DA:221,0
DA:235,1
DA:237,1
DA:239,1
DA:240,1
DA:241,2
DA:246,2
DA:248,0
DA:249,2
DA:251,1
DA:253,1
DA:255,0
DA:256,0
DA:257,0
DA:259,0
DA:260,0
DA:261,0
DA:264,0
DA:267,0
DA:272,0
DA:274,0
DA:275,0
DA:281,0
DA:288,2
DA:292,0
DA:300,1
DA:302,1
DA:315,1
DA:317,1
DA:320,1
DA:322,0
DA:323,0
DA:332,1
DA:334,1
DA:335,0
DA:338,1
DA:342,0
DA:345,1
DA:346,1
DA:347,1
DA:349,1
DA:350,1
DA:352,0
LF:140
LH:100
end_of_record
SF:lib\presentation\blocs\tv\popular_tv_series\popular_tv_series_bloc.dart
DA:11,1
DA:12,1
DA:13,2
DA:14,3
DA:16,2
DA:18,2
DA:19,3
DA:20,1
DA:21,1
DA:22,1
DA:23,2
LF:11
LH:11
end_of_record
SF:lib\presentation\blocs\tv\popular_tv_series\popular_tv_series_state.dart
DA:10,5
DA:16,1
DA:21,1
DA:22,0
DA:23,1
DA:24,1
DA:28,1
DA:29,4
LF:8
LH:7
end_of_record
SF:lib\presentation\pages\tv\popular_tv_series_page.dart
DA:12,1
DA:14,1
DA:15,1
DA:19,1
DA:21,1
DA:22,1
DA:23,5
DA:27,0
DA:28,0
DA:30,0
DA:33,1
DA:35,1
DA:36,1
DA:37,1
DA:38,1
DA:41,1
DA:43,1
DA:44,1
DA:45,2
DA:49,2
DA:50,0
DA:51,0
DA:52,0
DA:53,0
DA:54,0
DA:55,0
DA:56,0
DA:58,0
DA:63,1
DA:65,2
LF:30
LH:19
end_of_record
SF:lib\presentation\blocs\tv\popular_tv_series\popular_tv_series_event.dart
DA:4,2
DA:5,0
DA:6,0
LF:3
LH:1
end_of_record
SF:lib\presentation\blocs\tv\top_rated_tv_series\top_rated_tv_series_bloc.dart
DA:11,1
DA:12,1
DA:13,2
DA:16,1
DA:20,3
DA:22,2
DA:23,1
DA:24,2
DA:25,3
DA:26,2
DA:27,2
LF:11
LH:11
end_of_record
SF:lib\presentation\blocs\tv\top_rated_tv_series\top_rated_tv_series_state.dart
DA:10,5
DA:16,1
DA:21,1
DA:22,0
DA:23,1
DA:24,1
DA:28,1
DA:29,4
LF:8
LH:7
end_of_record
SF:lib\presentation\pages\tv\top_rated_tv_series_page.dart
DA:12,1
DA:14,1
DA:15,1
DA:19,1
DA:21,1
DA:22,1
DA:23,5
DA:27,0
DA:28,0
DA:30,0
DA:33,1
DA:35,1
DA:36,1
DA:37,1
DA:38,1
DA:41,1
DA:43,1
DA:44,1
DA:45,2
DA:49,2
DA:50,0
DA:51,0
DA:52,0
DA:53,0
DA:54,0
DA:55,0
DA:56,0
DA:58,0
DA:63,1
DA:65,2
LF:30
LH:19
end_of_record
SF:lib\presentation\blocs\tv\top_rated_tv_series\top_rated_tv_series_event.dart
DA:4,0
DA:5,0
LF:2
LH:0
end_of_record
SF:lib\presentation\blocs\watchlist\watchlist_bloc.dart
DA:12,1
DA:15,1
DA:16,2
DA:17,3
DA:19,2
DA:20,2
DA:22,1
DA:24,1
DA:25,1
DA:26,3
DA:28,1
DA:31,1
DA:32,1
DA:36,1
DA:37,1
DA:38,3
DA:40,1
DA:43,1
DA:44,1
DA:48,3
DA:49,3
LF:21
LH:21
end_of_record
SF:lib\presentation\blocs\watchlist\watchlist_state.dart
DA:9,6
DA:15,1
DA:20,1
DA:21,0
DA:22,1
DA:23,1
DA:27,1
DA:28,4
LF:8
LH:7
end_of_record
SF:lib\presentation\pages\watchlist_page.dart
DA:16,1
DA:18,1
DA:19,1
DA:23,1
DA:25,1
DA:26,2
DA:27,4
DA:31,1
DA:33,1
DA:34,4
DA:37,0
DA:39,0
DA:42,1
DA:44,1
DA:45,1
DA:46,1
DA:47,1
DA:50,1
DA:52,1
DA:53,1
DA:54,2
DA:58,2
DA:59,1
DA:60,1
DA:61,2
DA:62,1
DA:63,1
DA:64,1
DA:65,1
DA:70,2
DA:73,1
DA:75,2
DA:85,1
DA:87,2
DA:88,1
LF:35
LH:33
end_of_record
SF:lib\presentation\blocs\watchlist\watchlist_event.dart
DA:4,2
DA:6,0
DA:7,0
LF:3
LH:1
end_of_record
SF:lib\common\utils.dart
DA:3,3
LF:1
LH:1
end_of_record
SF:lib\presentation\blocs\movies\movie_list\movie_list_bloc.dart
DA:14,1
DA:18,1
DA:19,2
DA:20,2
DA:21,2
DA:24,1
DA:26,3
DA:27,2
DA:28,1
DA:29,1
DA:30,3
DA:31,1
DA:33,1
DA:34,3
DA:41,1
DA:43,3
DA:44,2
DA:45,1
DA:46,1
DA:47,3
DA:48,1
DA:50,1
DA:51,3
DA:58,1
DA:60,3
DA:61,2
DA:62,1
DA:63,1
DA:64,3
DA:65,1
DA:67,1
DA:68,3
LF:32
LH:32
end_of_record
SF:lib\presentation\blocs\movies\movie_list\movie_list_event.dart
DA:4,1
DA:6,0
DA:7,0
LF:3
LH:1
end_of_record
SF:lib\presentation\blocs\movies\movie_list\movie_list_state.dart
DA:14,3
DA:24,1
DA:33,1
DA:34,1
DA:35,1
DA:36,1
DA:37,1
DA:38,1
DA:39,1
DA:40,1
DA:44,1
DA:45,1
DA:46,1
DA:47,1
DA:48,1
DA:49,1
DA:50,1
DA:51,1
DA:52,1
LF:19
LH:19
end_of_record
SF:lib\presentation\blocs\movies\movie_search\movie_search_bloc.dart
DA:10,2
DA:11,2
DA:12,3
DA:14,3
DA:16,1
DA:17,1
DA:18,3
DA:20,1
DA:23,1
DA:24,3
LF:10
LH:10
end_of_record
SF:lib\presentation\blocs\movies\movie_search\movie_search_event.dart
DA:4,1
DA:6,0
DA:7,0
DA:13,1
DA:15,0
DA:16,0
LF:6
LH:2
end_of_record
SF:lib\presentation\blocs\movies\movie_search\movie_search_state.dart
DA:10,3
DA:16,1
DA:21,1
DA:22,0
DA:23,1
DA:24,1
DA:28,1
DA:29,4
LF:8
LH:7
end_of_record
SF:lib\presentation\blocs\tv\tv_list\tv_list_bloc.dart
DA:14,1
DA:18,1
DA:19,2
DA:20,3
DA:22,2
DA:23,1
DA:24,1
DA:25,3
DA:27,1
DA:30,1
DA:31,3
DA:39,2
DA:40,3
DA:42,2
DA:43,1
DA:44,1
DA:45,3
DA:47,1
DA:50,1
DA:51,3
DA:59,2
DA:60,3
DA:62,2
DA:63,1
DA:64,1
DA:65,3
DA:67,1
DA:70,1
DA:71,3
LF:29
LH:29
end_of_record
SF:lib\presentation\blocs\tv\tv_list\tv_list_event.dart
DA:4,1
DA:6,0
DA:7,0
LF:3
LH:1
end_of_record
SF:lib\presentation\blocs\tv\tv_list\tv_list_state.dart
DA:14,3
DA:24,1
DA:33,1
DA:34,1
DA:35,1
DA:36,1
DA:37,1
DA:38,1
DA:39,1
DA:40,1
DA:44,1
DA:45,1
DA:46,1
DA:47,1
DA:48,1
DA:49,1
DA:50,1
DA:51,1
DA:52,1
LF:19
LH:19
end_of_record
SF:lib\presentation\blocs\tv\tv_search\tv_series_search_bloc.dart
DA:11,2
DA:12,2
DA:13,3
DA:15,3
DA:17,1
DA:18,1
DA:19,3
DA:21,1
DA:24,1
DA:25,3
LF:10
LH:10
end_of_record
SF:lib\presentation\blocs\tv\tv_search\tv_series_search_event.dart
DA:4,1
DA:6,0
DA:7,0
DA:13,1
DA:15,0
DA:16,0
LF:6
LH:2
end_of_record
SF:lib\presentation\blocs\tv\tv_search\tv_series_search_state.dart
DA:11,3
DA:17,1
DA:22,1
DA:23,0
DA:24,1
DA:25,1
DA:29,1
DA:30,4
LF:8
LH:7
end_of_record
